The system is: Windows - 10.0.17763 - AMD64
Compiling the C compiler identification source file "CMakeCCompilerId.c" succeeded.
Compiler: C:/MinGW/bin/gcc.exe 
Build flags: 
Id flags:  

The output was:
0


Compilation of the C compiler identification source "CMakeCCompilerId.c" produced "a.exe"

The C compiler identification is GNU, found in "C:/Users/utusikov/learning/parsing_task_2/build/CMakeFiles/3.15.0-rc3/CompilerIdC/a.exe"

Compiling the CXX compiler identification source file "CMakeCXXCompilerId.cpp" succeeded.
Compiler: C:/MinGW/bin/g++.exe 
Build flags: 
Id flags:  

The output was:
0


Compilation of the CXX compiler identification source "CMakeCXXCompilerId.cpp" produced "a.exe"

The CXX compiler identification is GNU, found in "C:/Users/utusikov/learning/parsing_task_2/build/CMakeFiles/3.15.0-rc3/CompilerIdCXX/a.exe"

Determining if the C compiler works passed with the following output:
Change Dir: C:/Users/utusikov/learning/parsing_task_2/build/CMakeFiles/CMakeTmp

Run Build Command(s):C:/MinGW/bin/mingw32-make.exe cmTC_34785/fast && mingw32-make.exe[1]: Entering directory 'C:/Users/utusikov/learning/parsing_task_2/build/CMakeFiles/CMakeTmp'
C:/MinGW/bin/mingw32-make.exe -f CMakeFiles\cmTC_34785.dir\build.make CMakeFiles/cmTC_34785.dir/build
mingw32-make.exe[2]: Entering directory 'C:/Users/utusikov/learning/parsing_task_2/build/CMakeFiles/CMakeTmp'
Building C object CMakeFiles/cmTC_34785.dir/testCCompiler.c.obj
C:\MinGW\bin\gcc.exe    -o CMakeFiles\cmTC_34785.dir\testCCompiler.c.obj   -c C:\Users\utusikov\learning\parsing_task_2\build\CMakeFiles\CMakeTmp\testCCompiler.c
Linking C executable cmTC_34785.exe
C:\CMake\bin\cmake.exe -E cmake_link_script CMakeFiles\cmTC_34785.dir\link.txt --verbose=1
C:\CMake\bin\cmake.exe -E remove -f CMakeFiles\cmTC_34785.dir/objects.a
C:\MinGW\bin\ar.exe cr CMakeFiles\cmTC_34785.dir/objects.a @CMakeFiles\cmTC_34785.dir\objects1.rsp
C:\MinGW\bin\gcc.exe      -Wl,--whole-archive CMakeFiles\cmTC_34785.dir/objects.a -Wl,--no-whole-archive  -o cmTC_34785.exe -Wl,--out-implib,libcmTC_34785.dll.a -Wl,--major-image-version,0,--minor-image-version,0 @CMakeFiles\cmTC_34785.dir\linklibs.rsp
mingw32-make.exe[2]: Leaving directory 'C:/Users/utusikov/learning/parsing_task_2/build/CMakeFiles/CMakeTmp'
mingw32-make.exe[1]: Leaving directory 'C:/Users/utusikov/learning/parsing_task_2/build/CMakeFiles/CMakeTmp'



Determining if the CXX compiler works passed with the following output:
Change Dir: C:/Users/utusikov/learning/parsing_task_2/build/CMakeFiles/CMakeTmp

Run Build Command(s):C:/MinGW/bin/mingw32-make.exe cmTC_0a49f/fast && mingw32-make.exe[1]: Entering directory 'C:/Users/utusikov/learning/parsing_task_2/build/CMakeFiles/CMakeTmp'
C:/MinGW/bin/mingw32-make.exe -f CMakeFiles\cmTC_0a49f.dir\build.make CMakeFiles/cmTC_0a49f.dir/build
mingw32-make.exe[2]: Entering directory 'C:/Users/utusikov/learning/parsing_task_2/build/CMakeFiles/CMakeTmp'
Building CXX object CMakeFiles/cmTC_0a49f.dir/testCXXCompiler.cxx.obj
C:\MinGW\bin\g++.exe     -o CMakeFiles\cmTC_0a49f.dir\testCXXCompiler.cxx.obj -c C:\Users\utusikov\learning\parsing_task_2\build\CMakeFiles\CMakeTmp\testCXXCompiler.cxx
Linking CXX executable cmTC_0a49f.exe
C:\CMake\bin\cmake.exe -E cmake_link_script CMakeFiles\cmTC_0a49f.dir\link.txt --verbose=1
C:\CMake\bin\cmake.exe -E remove -f CMakeFiles\cmTC_0a49f.dir/objects.a
C:\MinGW\bin\ar.exe cr CMakeFiles\cmTC_0a49f.dir/objects.a @CMakeFiles\cmTC_0a49f.dir\objects1.rsp
C:\MinGW\bin\g++.exe      -Wl,--whole-archive CMakeFiles\cmTC_0a49f.dir/objects.a -Wl,--no-whole-archive  -o cmTC_0a49f.exe -Wl,--out-implib,libcmTC_0a49f.dll.a -Wl,--major-image-version,0,--minor-image-version,0 @CMakeFiles\cmTC_0a49f.dir\linklibs.rsp
mingw32-make.exe[2]: Leaving directory 'C:/Users/utusikov/learning/parsing_task_2/build/CMakeFiles/CMakeTmp'
mingw32-make.exe[1]: Leaving directory 'C:/Users/utusikov/learning/parsing_task_2/build/CMakeFiles/CMakeTmp'



